<?xml version="1.0" encoding="UTF-8"?>
<testng-results skipped="0" failed="0" total="1" passed="1">
  <reporter-output>
  </reporter-output>
  <suite name="Default suite" duration-ms="30" started-at="2020-12-09T04:13:15Z" finished-at="2020-12-09T04:13:15Z">
    <groups>
    </groups>
    <test name="Default test" duration-ms="30" started-at="2020-12-09T04:13:15Z" finished-at="2020-12-09T04:13:15Z">
      <class name="com.test.MavenTest.demo1">
        <test-method status="PASS" signature="setup()[pri:0, instance:com.test.MavenTest.demo1@13deb50e]" name="setup" is-config="true" duration-ms="15" started-at="2020-12-09T12:13:15Z" finished-at="2020-12-09T12:13:15Z">
          <reporter-output>
          </reporter-output>
        </test-method> <!-- setup -->
        <test-method status="PASS" signature="test()[pri:0, instance:com.test.MavenTest.demo1@13deb50e]" name="test" duration-ms="5" started-at="2020-12-09T12:13:15Z" finished-at="2020-12-09T12:13:15Z">
          <reporter-output>
          </reporter-output>
        </test-method> <!-- test -->
        <test-method status="PASS" signature="teardown()[pri:0, instance:com.test.MavenTest.demo1@13deb50e]" name="teardown" is-config="true" duration-ms="0" started-at="2020-12-09T12:13:15Z" finished-at="2020-12-09T12:13:15Z">
          <reporter-output>
          </reporter-output>
        </test-method> <!-- teardown -->
      </class> <!-- com.test.MavenTest.demo1 -->
    </test> <!-- Default test -->
  </suite> <!-- Default suite -->
</testng-results>
